<?xml version="1.0" encoding="UTF-8"?>
<!-- Generated by org.testng.reporters.JUnitReportReporter -->
<testsuite hostname="DESKTOP-8BDV13S" failures="0" tests="1" name="testCases.TestCase2" time="3.068" errors="0" timestamp="2024-10-03T16:45:28 IST" skipped="0">
  <testcase classname="testCases.TestCase2" name="testcase" time="3.068"/>
</testsuite> <!-- testCases.TestCase2 -->
