<?xml version="1.0" encoding="UTF-8"?>
<!-- Generated by org.testng.reporters.JUnitReportReporter -->
<testsuite hostname="DESKTOP-8BDV13S" failures="0" tests="1" name="testCases.Testcase1" time="7.509" errors="0" timestamp="2024-08-29T19:02:44 IST" skipped="0">
  <testcase classname="testCases.Testcase1" name="testcase" time="7.509"/>
</testsuite> <!-- testCases.Testcase1 -->
